<!DOCTYPE html>
<html>
<head>
    <title>All Pages Test Report</title>
    <meta charset="utf-8">
    <meta name="viewport" content="width=device-width, initial-scale=1.0">
    <link rel="stylesheet" href="https://maxcdn.bootstrapcdn.com/bootstrap/3.3.6/css/bootstrap.min.css" integrity="sha384-1q8mTJOASx8j1Au+a5WDVnPi2lkFfwwEAa8hDDdjZlpLegxhjVME1fgjWPGmkzs7" crossorigin="anonymous">
</head>
<body>
    <div class="container">
        <div class="row">
            <div class="col-xs-12">
                <h2 class="text-capitalize">All Pages Test Report</h2>
                <p class='attribute'><strong>Start Time: </strong>2024-03-31 17:30:22</p>
                <p class='attribute'><strong>Duration: </strong>91.33 s</p>
                <p class='attribute'><strong>Summary: </strong>Total: 13, Pass: 10, Error: 3</p>
            </div>
        </div>
        <div class="row">
            <div class="col-xs-12 col-sm-10 col-md-10">
                <table class='table table-hover table-responsive'>
                    <thead>
                        <tr>
                            <th>test_cases.test_login_page_instance.TestLoginPage</th>
                            <th>Status</th>
                            <th></th>
                        </tr>
                    </thead>
                    <tbody>
                        <tr class='success'>
                            <td class="col-xs-10">test_title</td>
                            <td class="col-xs-1">
                                <span class="label label-success" style="display:block;width:40px;">Pass</span>
                            </td>
                            <td class="col-xs-1">
                            </td>
                        </tr>
                        <tr class='success'>
                            <td class="col-xs-10">test_url</td>
                            <td class="col-xs-1">
                                <span class="label label-success" style="display:block;width:40px;">Pass</span>
                            </td>
                            <td class="col-xs-1">
                            </td>
                        </tr>
                        <tr>
                            <td colspan="3">
                                Total: 2, Pass: 2 -- Duration: 14.99 s
                            </td>
                        </tr>
                    </tbody>
                </table>
            </div>
        </div>
        <div class="row">
            <div class="col-xs-12 col-sm-10 col-md-10">
                <table class='table table-hover table-responsive'>
                    <thead>
                        <tr>
                            <th>test_cases.test_succes_login.TestPositiveLogin</th>
                            <th>Status</th>
                            <th></th>
                        </tr>
                    </thead>
                    <tbody>
                        <tr class='success'>
                            <td class="col-xs-10">test_logout_button</td>
                            <td class="col-xs-1">
                                <span class="label label-success" style="display:block;width:40px;">Pass</span>
                            </td>
                            <td class="col-xs-1">
                            </td>
                        </tr>
                        <tr class='success'>
                            <td class="col-xs-10">test_valide_login_title</td>
                            <td class="col-xs-1">
                                <span class="label label-success" style="display:block;width:40px;">Pass</span>
                            </td>
                            <td class="col-xs-1">
                            </td>
                        </tr>
                        <tr class='success'>
                            <td class="col-xs-10">test_valide_login_url</td>
                            <td class="col-xs-1">
                                <span class="label label-success" style="display:block;width:40px;">Pass</span>
                            </td>
                            <td class="col-xs-1">
                            </td>
                        </tr>
                        <tr>
                            <td colspan="3">
                                Total: 3, Pass: 3 -- Duration: 14.49 s
                            </td>
                        </tr>
                    </tbody>
                </table>
            </div>
        </div>
        <div class="row">
            <div class="col-xs-12 col-sm-10 col-md-10">
                <table class='table table-hover table-responsive'>
                    <thead>
                        <tr>
                            <th>test_cases.test_failed_login.TestFailedLogin</th>
                            <th>Status</th>
                            <th></th>
                        </tr>
                    </thead>
                    <tbody>
                        <tr class='success'>
                            <td class="col-xs-10">test_error_message</td>
                            <td class="col-xs-1">
                                <span class="label label-success" style="display:block;width:40px;">Pass</span>
                            </td>
                            <td class="col-xs-1">
                            </td>
                        </tr>
                        <tr class='success'>
                            <td class="col-xs-10">test_url</td>
                            <td class="col-xs-1">
                                <span class="label label-success" style="display:block;width:40px;">Pass</span>
                            </td>
                            <td class="col-xs-1">
                            </td>
                        </tr>
                        <tr>
                            <td colspan="3">
                                Total: 2, Pass: 2 -- Duration: 9.39 s
                            </td>
                        </tr>
                    </tbody>
                </table>
            </div>
        </div>
        <div class="row">
            <div class="col-xs-12 col-sm-10 col-md-10">
                <table class='table table-hover table-responsive'>
                    <thead>
                        <tr>
                            <th>test_cases.test_product_sort.TestSort</th>
                            <th>Status</th>
                            <th></th>
                        </tr>
                    </thead>
                    <tbody>
                        <tr class='success'>
                            <td class="col-xs-10">test_default_items_sort</td>
                            <td class="col-xs-1">
                                <span class="label label-success" style="display:block;width:40px;">Pass</span>
                            </td>
                            <td class="col-xs-1">
                            </td>
                        </tr>
                        <tr class='warning'>
                            <td class="col-xs-10">test_sort_Z_to_A</td>
                            <td class="col-xs-1">
                                <span class="label label-warning" style="display:block;width:40px;">Error</span>
                            </td>
                            <td class="col-xs-1">
                                <button class="btn btn-default btn-xs">View</button>
                            </td>
                        </tr>
                        <tr style="display:none;">
                            <td class="col-xs-9" colspan="3"><p style="color:maroon;">NoSuchElementException: Message: no such element: Unable to locate element: {"method":"xpath","selector":"//select[@data-test='product_sort_container']"}
  (Session info: chrome=123.0.6312.86); For documentation on this error, please visit: https://www.selenium.dev/documentation/webdriver/troubleshooting/errors#no-such-element-exception
Stacktrace:
	GetHandleVerifier [0x00007FF7F57370C2+63090]
	(No symbol) [0x00007FF7F56A2D12]
	(No symbol) [0x00007FF7F553EC65]
	(No symbol) [0x00007FF7F558499D]
	(No symbol) [0x00007FF7F5584ADC]
	(No symbol) [0x00007FF7F55C5B37]
	(No symbol) [0x00007FF7F55A701F]
	(No symbol) [0x00007FF7F55C3412]
	(No symbol) [0x00007FF7F55A6D83]
	(No symbol) [0x00007FF7F55783A8]
	(No symbol) [0x00007FF7F5579441]
	GetHandleVerifier [0x00007FF7F5B3262D+4238301]
	GetHandleVerifier [0x00007FF7F5B6F78D+4488509]
	GetHandleVerifier [0x00007FF7F5B67A6F+4456479]
	GetHandleVerifier [0x00007FF7F5810606+953270]
	(No symbol) [0x00007FF7F56AE5DF]
	(No symbol) [0x00007FF7F56A92B4]
	(No symbol) [0x00007FF7F56A93EB]
	(No symbol) [0x00007FF7F5699C24]
	BaseThreadInitThunk [0x00007FFDA995257D+29]
	RtlUserThreadStart [0x00007FFDAA3AAA58+40]
</p><p style="color:maroon;">Traceback (most recent call last):
  File "C:\Users\Administrator\PycharmProjects\SwagLabsAT\test_cases\test_product_sort.py", line 31, in test_sort_Z_to_A
    self.inventory_page_instance.select_sort_type_by_text("Name (Z to A)")
  File "C:\Users\Administrator\PycharmProjects\SwagLabsAT\inventory_page.py", line 25, in select_sort_type_by_text
    return super().select_by_visible_text(InventoryPageLocators.select_product_sort_container, visible_text_option)
           ^^^^^^^^^^^^^^^^^^^^^^^^^^^^^^^^^^^^^^^^^^^^^^^^^^^^^^^^^^^^^^^^^^^^^^^^^^^^^^^^^^^^^^^^^^^^^^^^^^^^^^^^
  File "C:\Users\Administrator\PycharmProjects\SwagLabsAT\base_page.py", line 80, in select_by_visible_text
    select = Select(self.driver.find_element(By.XPATH, xpath_locator))
                    ^^^^^^^^^^^^^^^^^^^^^^^^^^^^^^^^^^^^^^^^^^^^^^^^^
  File "C:\Users\Administrator\PycharmProjects\SwagLabsAT\.venv\Lib\site-packages\selenium\webdriver\remote\webdriver.py", line 741, in find_element
    return self.execute(Command.FIND_ELEMENT, {"using": by, "value": value})["value"]
           ^^^^^^^^^^^^^^^^^^^^^^^^^^^^^^^^^^^^^^^^^^^^^^^^^^^^^^^^^^^^^^^^^
  File "C:\Users\Administrator\PycharmProjects\SwagLabsAT\.venv\Lib\site-packages\selenium\webdriver\remote\webdriver.py", line 347, in execute
    self.error_handler.check_response(response)
  File "C:\Users\Administrator\PycharmProjects\SwagLabsAT\.venv\Lib\site-packages\selenium\webdriver\remote\errorhandler.py", line 229, in check_response
    raise exception_class(message, screen, stacktrace)
selenium.common.exceptions.NoSuchElementException: Message: no such element: Unable to locate element: {"method":"xpath","selector":"//select[@data-test='product_sort_container']"}
  (Session info: chrome=123.0.6312.86); For documentation on this error, please visit: https://www.selenium.dev/documentation/webdriver/troubleshooting/errors#no-such-element-exception
Stacktrace:
	GetHandleVerifier [0x00007FF7F57370C2+63090]
	(No symbol) [0x00007FF7F56A2D12]
	(No symbol) [0x00007FF7F553EC65]
	(No symbol) [0x00007FF7F558499D]
	(No symbol) [0x00007FF7F5584ADC]
	(No symbol) [0x00007FF7F55C5B37]
	(No symbol) [0x00007FF7F55A701F]
	(No symbol) [0x00007FF7F55C3412]
	(No symbol) [0x00007FF7F55A6D83]
	(No symbol) [0x00007FF7F55783A8]
	(No symbol) [0x00007FF7F5579441]
	GetHandleVerifier [0x00007FF7F5B3262D+4238301]
	GetHandleVerifier [0x00007FF7F5B6F78D+4488509]
	GetHandleVerifier [0x00007FF7F5B67A6F+4456479]
	GetHandleVerifier [0x00007FF7F5810606+953270]
	(No symbol) [0x00007FF7F56AE5DF]
	(No symbol) [0x00007FF7F56A92B4]
	(No symbol) [0x00007FF7F56A93EB]
	(No symbol) [0x00007FF7F5699C24]
	BaseThreadInitThunk [0x00007FFDA995257D+29]
	RtlUserThreadStart [0x00007FFDAA3AAA58+40]

</p>
                            </td>
                        </tr>
                        <tr class='warning'>
                            <td class="col-xs-10">test_sort_price_high_low</td>
                            <td class="col-xs-1">
                                <span class="label label-warning" style="display:block;width:40px;">Error</span>
                            </td>
                            <td class="col-xs-1">
                                <button class="btn btn-default btn-xs">View</button>
                            </td>
                        </tr>
                        <tr style="display:none;">
                            <td class="col-xs-9" colspan="3"><p style="color:maroon;">NoSuchElementException: Message: no such element: Unable to locate element: {"method":"xpath","selector":"//select[@data-test='product_sort_container']"}
  (Session info: chrome=123.0.6312.86); For documentation on this error, please visit: https://www.selenium.dev/documentation/webdriver/troubleshooting/errors#no-such-element-exception
Stacktrace:
	GetHandleVerifier [0x00007FF7F57370C2+63090]
	(No symbol) [0x00007FF7F56A2D12]
	(No symbol) [0x00007FF7F553EC65]
	(No symbol) [0x00007FF7F558499D]
	(No symbol) [0x00007FF7F5584ADC]
	(No symbol) [0x00007FF7F55C5B37]
	(No symbol) [0x00007FF7F55A701F]
	(No symbol) [0x00007FF7F55C3412]
	(No symbol) [0x00007FF7F55A6D83]
	(No symbol) [0x00007FF7F55783A8]
	(No symbol) [0x00007FF7F5579441]
	GetHandleVerifier [0x00007FF7F5B3262D+4238301]
	GetHandleVerifier [0x00007FF7F5B6F78D+4488509]
	GetHandleVerifier [0x00007FF7F5B67A6F+4456479]
	GetHandleVerifier [0x00007FF7F5810606+953270]
	(No symbol) [0x00007FF7F56AE5DF]
	(No symbol) [0x00007FF7F56A92B4]
	(No symbol) [0x00007FF7F56A93EB]
	(No symbol) [0x00007FF7F5699C24]
	BaseThreadInitThunk [0x00007FFDA995257D+29]
	RtlUserThreadStart [0x00007FFDAA3AAA58+40]
</p><p style="color:maroon;">Traceback (most recent call last):
  File "C:\Users\Administrator\PycharmProjects\SwagLabsAT\test_cases\test_product_sort.py", line 47, in test_sort_price_high_low
    self.inventory_page_instance.select_sort_type_by_text('Price (high to low)')
  File "C:\Users\Administrator\PycharmProjects\SwagLabsAT\inventory_page.py", line 25, in select_sort_type_by_text
    return super().select_by_visible_text(InventoryPageLocators.select_product_sort_container, visible_text_option)
           ^^^^^^^^^^^^^^^^^^^^^^^^^^^^^^^^^^^^^^^^^^^^^^^^^^^^^^^^^^^^^^^^^^^^^^^^^^^^^^^^^^^^^^^^^^^^^^^^^^^^^^^^
  File "C:\Users\Administrator\PycharmProjects\SwagLabsAT\base_page.py", line 80, in select_by_visible_text
    select = Select(self.driver.find_element(By.XPATH, xpath_locator))
                    ^^^^^^^^^^^^^^^^^^^^^^^^^^^^^^^^^^^^^^^^^^^^^^^^^
  File "C:\Users\Administrator\PycharmProjects\SwagLabsAT\.venv\Lib\site-packages\selenium\webdriver\remote\webdriver.py", line 741, in find_element
    return self.execute(Command.FIND_ELEMENT, {"using": by, "value": value})["value"]
           ^^^^^^^^^^^^^^^^^^^^^^^^^^^^^^^^^^^^^^^^^^^^^^^^^^^^^^^^^^^^^^^^^
  File "C:\Users\Administrator\PycharmProjects\SwagLabsAT\.venv\Lib\site-packages\selenium\webdriver\remote\webdriver.py", line 347, in execute
    self.error_handler.check_response(response)
  File "C:\Users\Administrator\PycharmProjects\SwagLabsAT\.venv\Lib\site-packages\selenium\webdriver\remote\errorhandler.py", line 229, in check_response
    raise exception_class(message, screen, stacktrace)
selenium.common.exceptions.NoSuchElementException: Message: no such element: Unable to locate element: {"method":"xpath","selector":"//select[@data-test='product_sort_container']"}
  (Session info: chrome=123.0.6312.86); For documentation on this error, please visit: https://www.selenium.dev/documentation/webdriver/troubleshooting/errors#no-such-element-exception
Stacktrace:
	GetHandleVerifier [0x00007FF7F57370C2+63090]
	(No symbol) [0x00007FF7F56A2D12]
	(No symbol) [0x00007FF7F553EC65]
	(No symbol) [0x00007FF7F558499D]
	(No symbol) [0x00007FF7F5584ADC]
	(No symbol) [0x00007FF7F55C5B37]
	(No symbol) [0x00007FF7F55A701F]
	(No symbol) [0x00007FF7F55C3412]
	(No symbol) [0x00007FF7F55A6D83]
	(No symbol) [0x00007FF7F55783A8]
	(No symbol) [0x00007FF7F5579441]
	GetHandleVerifier [0x00007FF7F5B3262D+4238301]
	GetHandleVerifier [0x00007FF7F5B6F78D+4488509]
	GetHandleVerifier [0x00007FF7F5B67A6F+4456479]
	GetHandleVerifier [0x00007FF7F5810606+953270]
	(No symbol) [0x00007FF7F56AE5DF]
	(No symbol) [0x00007FF7F56A92B4]
	(No symbol) [0x00007FF7F56A93EB]
	(No symbol) [0x00007FF7F5699C24]
	BaseThreadInitThunk [0x00007FFDA995257D+29]
	RtlUserThreadStart [0x00007FFDAA3AAA58+40]

</p>
                            </td>
                        </tr>
                        <tr class='warning'>
                            <td class="col-xs-10">test_sort_price_low_high</td>
                            <td class="col-xs-1">
                                <span class="label label-warning" style="display:block;width:40px;">Error</span>
                            </td>
                            <td class="col-xs-1">
                                <button class="btn btn-default btn-xs">View</button>
                            </td>
                        </tr>
                        <tr style="display:none;">
                            <td class="col-xs-9" colspan="3"><p style="color:maroon;">NoSuchElementException: Message: no such element: Unable to locate element: {"method":"xpath","selector":"//select[@data-test='product_sort_container']"}
  (Session info: chrome=123.0.6312.86); For documentation on this error, please visit: https://www.selenium.dev/documentation/webdriver/troubleshooting/errors#no-such-element-exception
Stacktrace:
	GetHandleVerifier [0x00007FF7F57370C2+63090]
	(No symbol) [0x00007FF7F56A2D12]
	(No symbol) [0x00007FF7F553EC65]
	(No symbol) [0x00007FF7F558499D]
	(No symbol) [0x00007FF7F5584ADC]
	(No symbol) [0x00007FF7F55C5B37]
	(No symbol) [0x00007FF7F55A701F]
	(No symbol) [0x00007FF7F55C3412]
	(No symbol) [0x00007FF7F55A6D83]
	(No symbol) [0x00007FF7F55783A8]
	(No symbol) [0x00007FF7F5579441]
	GetHandleVerifier [0x00007FF7F5B3262D+4238301]
	GetHandleVerifier [0x00007FF7F5B6F78D+4488509]
	GetHandleVerifier [0x00007FF7F5B67A6F+4456479]
	GetHandleVerifier [0x00007FF7F5810606+953270]
	(No symbol) [0x00007FF7F56AE5DF]
	(No symbol) [0x00007FF7F56A92B4]
	(No symbol) [0x00007FF7F56A93EB]
	(No symbol) [0x00007FF7F5699C24]
	BaseThreadInitThunk [0x00007FFDA995257D+29]
	RtlUserThreadStart [0x00007FFDAA3AAA58+40]
</p><p style="color:maroon;">Traceback (most recent call last):
  File "C:\Users\Administrator\PycharmProjects\SwagLabsAT\test_cases\test_product_sort.py", line 40, in test_sort_price_low_high
    self.inventory_page_instance.select_sort_type_by_text('Price (low to high)')
  File "C:\Users\Administrator\PycharmProjects\SwagLabsAT\inventory_page.py", line 25, in select_sort_type_by_text
    return super().select_by_visible_text(InventoryPageLocators.select_product_sort_container, visible_text_option)
           ^^^^^^^^^^^^^^^^^^^^^^^^^^^^^^^^^^^^^^^^^^^^^^^^^^^^^^^^^^^^^^^^^^^^^^^^^^^^^^^^^^^^^^^^^^^^^^^^^^^^^^^^
  File "C:\Users\Administrator\PycharmProjects\SwagLabsAT\base_page.py", line 80, in select_by_visible_text
    select = Select(self.driver.find_element(By.XPATH, xpath_locator))
                    ^^^^^^^^^^^^^^^^^^^^^^^^^^^^^^^^^^^^^^^^^^^^^^^^^
  File "C:\Users\Administrator\PycharmProjects\SwagLabsAT\.venv\Lib\site-packages\selenium\webdriver\remote\webdriver.py", line 741, in find_element
    return self.execute(Command.FIND_ELEMENT, {"using": by, "value": value})["value"]
           ^^^^^^^^^^^^^^^^^^^^^^^^^^^^^^^^^^^^^^^^^^^^^^^^^^^^^^^^^^^^^^^^^
  File "C:\Users\Administrator\PycharmProjects\SwagLabsAT\.venv\Lib\site-packages\selenium\webdriver\remote\webdriver.py", line 347, in execute
    self.error_handler.check_response(response)
  File "C:\Users\Administrator\PycharmProjects\SwagLabsAT\.venv\Lib\site-packages\selenium\webdriver\remote\errorhandler.py", line 229, in check_response
    raise exception_class(message, screen, stacktrace)
selenium.common.exceptions.NoSuchElementException: Message: no such element: Unable to locate element: {"method":"xpath","selector":"//select[@data-test='product_sort_container']"}
  (Session info: chrome=123.0.6312.86); For documentation on this error, please visit: https://www.selenium.dev/documentation/webdriver/troubleshooting/errors#no-such-element-exception
Stacktrace:
	GetHandleVerifier [0x00007FF7F57370C2+63090]
	(No symbol) [0x00007FF7F56A2D12]
	(No symbol) [0x00007FF7F553EC65]
	(No symbol) [0x00007FF7F558499D]
	(No symbol) [0x00007FF7F5584ADC]
	(No symbol) [0x00007FF7F55C5B37]
	(No symbol) [0x00007FF7F55A701F]
	(No symbol) [0x00007FF7F55C3412]
	(No symbol) [0x00007FF7F55A6D83]
	(No symbol) [0x00007FF7F55783A8]
	(No symbol) [0x00007FF7F5579441]
	GetHandleVerifier [0x00007FF7F5B3262D+4238301]
	GetHandleVerifier [0x00007FF7F5B6F78D+4488509]
	GetHandleVerifier [0x00007FF7F5B67A6F+4456479]
	GetHandleVerifier [0x00007FF7F5810606+953270]
	(No symbol) [0x00007FF7F56AE5DF]
	(No symbol) [0x00007FF7F56A92B4]
	(No symbol) [0x00007FF7F56A93EB]
	(No symbol) [0x00007FF7F5699C24]
	BaseThreadInitThunk [0x00007FFDA995257D+29]
	RtlUserThreadStart [0x00007FFDAA3AAA58+40]

</p>
                            </td>
                        </tr>
                        <tr>
                            <td colspan="3">
                                Total: 4, Pass: 1, Error: 3 -- Duration: 37.42 s
                            </td>
                        </tr>
                    </tbody>
                </table>
            </div>
        </div>
        <div class="row">
            <div class="col-xs-12 col-sm-10 col-md-10">
                <table class='table table-hover table-responsive'>
                    <thead>
                        <tr>
                            <th>test_cases.test_place_order.Test_Place_Order</th>
                            <th>Status</th>
                            <th></th>
                        </tr>
                    </thead>
                    <tbody>
                        <tr class='success'>
                            <td class="col-xs-10">test_add_items_to_cart</td>
                            <td class="col-xs-1">
                                <span class="label label-success" style="display:block;width:40px;">Pass</span>
                            </td>
                            <td class="col-xs-1">
                            </td>
                        </tr>
                        <tr class='success'>
                            <td class="col-xs-10">test_verify_cart</td>
                            <td class="col-xs-1">
                                <span class="label label-success" style="display:block;width:40px;">Pass</span>
                            </td>
                            <td class="col-xs-1">
                            </td>
                        </tr>
                        <tr>
                            <td colspan="3">
                                Total: 2, Pass: 2 -- Duration: 15.04 s
                            </td>
                        </tr>
                    </tbody>
                </table>
            </div>
        </div>
    </div>
    <script src="https://ajax.googleapis.com/ajax/libs/jquery/2.2.4/jquery.min.js"></script>
    <script type="text/javascript">
        $(document).ready(function(){
            $('td').on('click', '.btn', function(e){
                e.preventDefault();
                e.stopImmediatePropagation();
                var $this = $(this);
                var $nextRow = $this.closest('tr').next('tr');
                $nextRow.slideToggle("fast");
                $this.text(function(i, text){
                    if (text === 'View') {
                        return 'Hide';
                    } else {
                        return 'View';
                    };
                });
            });
        });
    </script>
</body>
</html